Flutter crash report.
Please report a bug at https://github.com/flutter/flutter/issues.

## command

flutter run

## exception

ProcessException: ProcessException: Not enough memory resources are available to process this command.

  Command: "C:\Program Files\Google\Chrome\Application\chrome.exe" --user-data-dir=C:\Users\new\AppData\Local\Temp\flutter_tools.60338514\flutter_tools_chrome_device.e1089942 --remote-debugging-port=62142 --disable-background-timer-throttling --disable-extensions --disable-popup-blocking --bwsi --no-first-run --no-default-browser-check --disable-default-apps --disable-translate --disable-search-engine-choice-screen http://localhost:61903

```
#0      _ProcessImpl._start (dart:io-patch/process_patch.dart:418:33)
#1      Process.start (dart:io-patch/process_patch.dart:42:20)
#2      LocalProcessManager.start (package:process/src/interface/local_process_manager.dart:42:22)
#3      ErrorHandlingProcessManager.start.<anonymous closure> (package:flutter_tools/src/base/error_handling_io.dart:651:26)
#4      _run (package:flutter_tools/src/base/error_handling_io.dart:511:20)
#5      ErrorHandlingProcessManager.start (package:flutter_tools/src/base/error_handling_io.dart:649:12)
#6      ChromiumLauncher._spawnChromiumProcess (package:flutter_tools/src/web/chrome.dart:284:53)
#7      ChromiumLauncher.launch (package:flutter_tools/src/web/chrome.dart:235:35)
<asynchronous suspension>
#8      ChromiumDevice.startApp (package:flutter_tools/src/web/web_device.dart:130:17)
<asynchronous suspension>
#9      ResidentWebRunner.run.<anonymous closure> (package:flutter_tools/src/isolated/resident_web_runner.dart:362:9)
<asynchronous suspension>
#10     asyncGuard.<anonymous closure> (package:flutter_tools/src/base/async_guard.dart:109:26)
<asynchronous suspension>
```

## flutter doctor

```
[32m[✓][39m Flutter (Channel stable, 3.32.8, on Microsoft Windows
    [Version 10.0.19045.6036], locale en-US) [9.2s]
    [32m•[39m Flutter version 3.32.8 on channel stable at
      C:\Users\new\flutter
    [32m•[39m Upstream repository
      https://github.com/flutter/flutter.git
    [32m•[39m Framework revision edada7c56e (2 weeks ago), 2025-07-25
      14:08:03 +0000
    [32m•[39m Engine revision ef0cd00091
    [32m•[39m Dart version 3.8.1
    [32m•[39m DevTools version 2.45.1

[32m[✓][39m Windows Version (10 Enterprise 64-bit, 22H2, 2009)
    [42.7s]

[33m[!][39m Android toolchain - develop for Android devices (Android
    SDK version 35.0.0) [5.7s]
    [32m•[39m Android SDK at C:\Users\new\AppData\Local\Android\Sdk
    [32m•[39m Platform android-35, build-tools 35.0.0
    [32m•[39m ANDROID_HOME = C:\Users\new\AppData\Local\Android\Sdk
    [32m•[39m ANDROID_SDK_ROOT =
      C:\Users\new\AppData\Local\Android\Sdk
    [31m✗[39m Android SDK file not found:
      C:\Users\new\AppData\Local\Android\Sdk\build-tools\35.0
      .0\aapt.
    [32m•[39m Try re-installing or updating your Android SDK,
      visit https://flutter.dev/to/windows-android-setup for
      detailed instructions.

[32m[✓][39m Chrome - develop for the web [5.5s]
    [32m•[39m Chrome at C:\Program
      Files\Google\Chrome\Application\chrome.exe

[31m[✗][39m Visual Studio - develop Windows apps [5.5s]
    [31m✗[39m Visual Studio not installed; this is necessary to
      develop Windows apps.
      Download at
      https://visualstudio.microsoft.com/downloads/.
      Please install the "Desktop development with C++"
      workload, including all of its default components

[32m[✓][39m Android Studio (version 2024.1) [16ms]
    [32m•[39m Android Studio at C:\Program Files\Android\Android
      Studio
    [32m•[39m Flutter plugin can be installed from:
      🔨 https://plugins.jetbrains.com/plugin/9212-flutter
    [32m•[39m Dart plugin can be installed from:
      🔨 https://plugins.jetbrains.com/plugin/6351-dart
    [32m•[39m Java version OpenJDK Runtime Environment (build
      17.0.11+0--11852314)

[32m[✓][39m VS Code (version 1.103.0) [10ms]
    [32m•[39m VS Code at
      C:\Users\new\AppData\Local\Programs\Microsoft VS Code
    [32m•[39m Flutter extension version 3.116.0

[32m[✓][39m Connected device (3 available) [831ms]
    [32m•[39m Windows (desktop) • windows • windows-x64    •
      Microsoft Windows [Version 10.0.19045.6036]
    [32m•[39m Chrome (web)      • chrome  • web-javascript • Google
      Chrome 138.0.7204.101
    [32m•[39m Edge (web)        • edge    • web-javascript •
      Microsoft Edge 138.0.3351.109

[32m[✓][39m Network resources [1,764ms]
    [32m•[39m All expected network resources are available.

[33m![39m Doctor found issues in 2 categories.
```
